<?xml version="1.0" encoding="UTF-8"?>
<!-- Generated by org.testng.reporters.JUnitReportReporter -->
<testsuite skipped="0" hostname="Rayudu-PC" name="jai.hanuman.MavenJava.AppiumTest" tests="2" failures="0" timestamp="28 May 2021 22:52:11 GMT" time="0.015" errors="0">
  <testcase name="launchAppiumBrowser" time="0.000" classname="jai.hanuman.MavenJava.AppiumTest"/>
  <testcase name="appiumLogin" time="0.015" classname="jai.hanuman.MavenJava.AppiumTest"/>
</testsuite> <!-- jai.hanuman.MavenJava.AppiumTest -->
