<?xml version="1.0" encoding="UTF-8"?>
<!-- Generated by org.testng.reporters.JUnitReportReporter -->
<testsuite skipped="0" hostname="Rayudu-PC" name="jai.hanuman.MavenJava.RestAPITest" tests="2" failures="0" timestamp="28 May 2021 22:52:11 GMT" time="0.002" errors="0">
  <testcase name="launchRestAPIBrowser" time="0.001" classname="jai.hanuman.MavenJava.RestAPITest"/>
  <testcase name="RestAPILogin" time="0.001" classname="jai.hanuman.MavenJava.RestAPITest"/>
</testsuite> <!-- jai.hanuman.MavenJava.RestAPITest -->
